-------------------------------------------------------------------------------
Test set: ru.javawebinar.topjava.web.user.InMemoryAdminRestControllerTest
-------------------------------------------------------------------------------
Tests run: 1, Failures: 0, Errors: 1, Skipped: 0, Time elapsed: 0.016 s <<< FAILURE! - in ru.javawebinar.topjava.web.user.InMemoryAdminRestControllerTest
ru.javawebinar.topjava.web.user.InMemoryAdminRestControllerTest  Time elapsed: 0.016 s  <<< ERROR!
org.springframework.beans.factory.NoSuchBeanDefinitionException: No qualifying bean of type 'ru.javawebinar.topjava.web.user.AdminRestController' available
	at ru.javawebinar.topjava.web.user.InMemoryAdminRestControllerTest.beforeClass(InMemoryAdminRestControllerTest.java:24)

